RMaps.AppLib/build/outputs/logs/manifest-merger-debug-report.txt
-- Merging decision tree log ---
manifest
ADDED from RMaps.AppLib\AndroidManifest.xml:2:1-103:12
INJECTED from RMaps.AppLib\AndroidManifest.xml:2:1-103:12
INJECTED from RMaps.AppLib\AndroidManifest.xml:2:1-103:12
INJECTED from RMaps.AppLib\AndroidManifest.xml:2:1-103:12
INJECTED from RMaps.AppLib\AndroidManifest.xml:2:1-103:12
INJECTED from RMaps.AppLib\AndroidManifest.xml:2:1-103:12
INJECTED from RMaps.AppLib\AndroidManifest.xml:2:1-103:12
	package
		ADDED from RMaps.AppLib\AndroidManifest.xml:3:5-37
		INJECTED from RMaps.AppLib\AndroidManifest.xml
		INJECTED from RMaps.AppLib\AndroidManifest.xml
	android:sharedUserLabel
		ADDED from RMaps.AppLib\AndroidManifest.xml:6:5-53
	android:sharedUserId
		ADDED from RMaps.AppLib\AndroidManifest.xml:5:5-47
	android:versionName
		ADDED from RMaps.AppLib\AndroidManifest.xml:8:5-32
		INJECTED from RMaps.AppLib\AndroidManifest.xml
		INJECTED from RMaps.AppLib\AndroidManifest.xml
	xmlns:android
		ADDED from RMaps.AppLib\AndroidManifest.xml:2:11-69
	android:versionCode
		ADDED from RMaps.AppLib\AndroidManifest.xml:7:5-28
		INJECTED from RMaps.AppLib\AndroidManifest.xml
		INJECTED from RMaps.AppLib\AndroidManifest.xml
	android:installLocation
		ADDED from RMaps.AppLib\AndroidManifest.xml:4:5-35
uses-permission#android.permission.ACCESS_FINE_LOCATION
ADDED from RMaps.AppLib\AndroidManifest.xml:10:5-79
	android:name
		ADDED from RMaps.AppLib\AndroidManifest.xml:10:22-76
uses-permission#android.permission.ACCESS_COARSE_LOCATION
ADDED from RMaps.AppLib\AndroidManifest.xml:11:5-81
	android:name
		ADDED from RMaps.AppLib\AndroidManifest.xml:11:22-78
uses-permission#android.permission.INTERNET
ADDED from RMaps.AppLib\AndroidManifest.xml:12:5-67
	android:name
		ADDED from RMaps.AppLib\AndroidManifest.xml:12:22-64
uses-permission#android.permission.READ_PHONE_STATE
ADDED from RMaps.AppLib\AndroidManifest.xml:13:5-75
	android:name
		ADDED from RMaps.AppLib\AndroidManifest.xml:13:22-72
uses-permission#android.permission.WRITE_EXTERNAL_STORAGE
ADDED from RMaps.AppLib\AndroidManifest.xml:14:5-81
	android:name
		ADDED from RMaps.AppLib\AndroidManifest.xml:14:22-78
uses-permission#android.permission.ACCESS_NETWORK_STATE
ADDED from RMaps.AppLib\AndroidManifest.xml:15:5-79
	android:name
		ADDED from RMaps.AppLib\AndroidManifest.xml:15:22-76
uses-feature#android.hardware.location
ADDED from RMaps.AppLib\AndroidManifest.xml:16:5-87
	android:required
		ADDED from RMaps.AppLib\AndroidManifest.xml:16:60-84
	android:name
		ADDED from RMaps.AppLib\AndroidManifest.xml:16:19-59
uses-feature#android.hardware.location.gps
ADDED from RMaps.AppLib\AndroidManifest.xml:17:5-91
	android:required
		ADDED from RMaps.AppLib\AndroidManifest.xml:17:64-88
	android:name
		ADDED from RMaps.AppLib\AndroidManifest.xml:17:19-63
uses-feature#android.hardware.location.network
ADDED from RMaps.AppLib\AndroidManifest.xml:18:5-95
	android:required
		ADDED from RMaps.AppLib\AndroidManifest.xml:18:68-92
	android:name
		ADDED from RMaps.AppLib\AndroidManifest.xml:18:19-67
uses-permission#android.permission.SYSTEM_ALERT_WINDOW
ADDED from RMaps.AppLib\AndroidManifest.xml:19:5-78
	android:name
		ADDED from RMaps.AppLib\AndroidManifest.xml:19:22-75
uses-permission#android.permission.REQUEST_INSTALL_PACKAGES
ADDED from RMaps.AppLib\AndroidManifest.xml:20:5-83
	android:name
		ADDED from RMaps.AppLib\AndroidManifest.xml:20:22-80
application
ADDED from RMaps.AppLib\AndroidManifest.xml:23:5-89:19
	android:label
		ADDED from RMaps.AppLib\AndroidManifest.xml:27:9-47
	android:allowClearUserData
		ADDED from RMaps.AppLib\AndroidManifest.xml:25:9-43
	android:icon
		ADDED from RMaps.AppLib\AndroidManifest.xml:26:9-43
	android:name
		ADDED from RMaps.AppLib\AndroidManifest.xml:24:9-39
activity#com.robert.maps.applib.MainPreferences
ADDED from RMaps.AppLib\AndroidManifest.xml:29:9-30:20
	android:name
		ADDED from RMaps.AppLib\AndroidManifest.xml:29:19-72
activity#com.robert.maps.applib.kml.PoiActivity
ADDED from RMaps.AppLib\AndroidManifest.xml:33:9-75
	android:name
		ADDED from RMaps.AppLib\AndroidManifest.xml:33:19-72
activity#com.robert.maps.applib.kml.PoiListActivity
ADDED from RMaps.AppLib\AndroidManifest.xml:34:9-79
	android:name
		ADDED from RMaps.AppLib\AndroidManifest.xml:34:19-76
activity#com.robert.maps.applib.kml.TrackListActivity
ADDED from RMaps.AppLib\AndroidManifest.xml:35:9-81
	android:name
		ADDED from RMaps.AppLib\AndroidManifest.xml:35:19-78
activity#com.robert.maps.applib.kml.PoiCategoryActivity
ADDED from RMaps.AppLib\AndroidManifest.xml:36:9-37:20
	android:name
		ADDED from RMaps.AppLib\AndroidManifest.xml:36:19-80
activity#com.robert.maps.applib.kml.PoiCategoryListActivity
ADDED from RMaps.AppLib\AndroidManifest.xml:38:9-39:20
	android:name
		ADDED from RMaps.AppLib\AndroidManifest.xml:38:19-84
activity#com.robert.maps.applib.kml.PoiIconSetActivity
ADDED from RMaps.AppLib\AndroidManifest.xml:40:9-41:20
	android:name
		ADDED from RMaps.AppLib\AndroidManifest.xml:40:19-79
activity#com.robert.maps.applib.kml.ImportPoiActivity
ADDED from RMaps.AppLib\AndroidManifest.xml:42:9-81
	android:name
		ADDED from RMaps.AppLib\AndroidManifest.xml:42:19-78
activity#com.robert.maps.applib.kml.ImportTrackActivity
ADDED from RMaps.AppLib\AndroidManifest.xml:43:9-44:20
	android:name
		ADDED from RMaps.AppLib\AndroidManifest.xml:43:19-80
activity#com.robert.maps.applib.kml.TrackActivity
ADDED from RMaps.AppLib\AndroidManifest.xml:45:9-46:20
	android:name
		ADDED from RMaps.AppLib\AndroidManifest.xml:45:19-74
activity#com.robert.maps.applib.kml.TrackStatActivity
ADDED from RMaps.AppLib\AndroidManifest.xml:47:9-48:20
	android:name
		ADDED from RMaps.AppLib\AndroidManifest.xml:47:19-78
activity#com.robert.maps.applib.kml.RouteListActivity
ADDED from RMaps.AppLib\AndroidManifest.xml:49:9-50:20
	android:name
		ADDED from RMaps.AppLib\AndroidManifest.xml:49:19-78
service#com.robert.maps.applib.trackwriter.TrackWriterService
ADDED from RMaps.AppLib\AndroidManifest.xml:52:9-60:19
	android:process
		ADDED from RMaps.AppLib\AndroidManifest.xml:55:13-43
	android:icon
		ADDED from RMaps.AppLib\AndroidManifest.xml:54:13-58
	android:name
		ADDED from RMaps.AppLib\AndroidManifest.xml:53:13-81
intent-filter#action:name:com.robert.maps.trackwriter+action:name:com.robert.maps.trackwriter.IRemoteService
ADDED from RMaps.AppLib\AndroidManifest.xml:56:13-59:29
action#com.robert.maps.trackwriter
ADDED from RMaps.AppLib\AndroidManifest.xml:57:17-70
	android:name
		ADDED from RMaps.AppLib\AndroidManifest.xml:57:25-67
action#com.robert.maps.trackwriter.IRemoteService
ADDED from RMaps.AppLib\AndroidManifest.xml:58:17-85
	android:name
		ADDED from RMaps.AppLib\AndroidManifest.xml:58:25-82
activity#org.openintents.filemanager.FileManagerActivity
ADDED from RMaps.AppLib\AndroidManifest.xml:62:9-63:20
	android:name
		ADDED from RMaps.AppLib\AndroidManifest.xml:62:19-81
activity#com.robert.maps.applib.downloader.AreaSelectorActivity
ADDED from RMaps.AppLib\AndroidManifest.xml:64:9-67:20
	android:launchMode
		ADDED from RMaps.AppLib\AndroidManifest.xml:66:13-48
	android:name
		ADDED from RMaps.AppLib\AndroidManifest.xml:65:13-82
service#com.robert.maps.applib.downloader.MapDownloaderService
ADDED from RMaps.AppLib\AndroidManifest.xml:69:9-77:19
	android:process
		ADDED from RMaps.AppLib\AndroidManifest.xml:72:13-45
	android:icon
		ADDED from RMaps.AppLib\AndroidManifest.xml:71:13-58
	android:name
		ADDED from RMaps.AppLib\AndroidManifest.xml:70:13-82
intent-filter#action:name:com.robert.maps.downloader.IRemoteService+action:name:com.robert.maps.mapdownloader
ADDED from RMaps.AppLib\AndroidManifest.xml:73:13-76:29
action#com.robert.maps.mapdownloader
ADDED from RMaps.AppLib\AndroidManifest.xml:74:17-72
	android:name
		ADDED from RMaps.AppLib\AndroidManifest.xml:74:25-69
action#com.robert.maps.downloader.IRemoteService
ADDED from RMaps.AppLib\AndroidManifest.xml:75:17-84
	android:name
		ADDED from RMaps.AppLib\AndroidManifest.xml:75:25-81
activity#com.robert.maps.applib.downloader.DownloaderActivity
ADDED from RMaps.AppLib\AndroidManifest.xml:80:9-81:20
	android:name
		ADDED from RMaps.AppLib\AndroidManifest.xml:80:19-64
activity#com.robert.maps.applib.preference.MixedMapsPreference
ADDED from RMaps.AppLib\AndroidManifest.xml:81:20-82:20
	android:name
		ADDED from RMaps.AppLib\AndroidManifest.xml:81:30-76
activity#com.robert.maps.applib.preference.UserMapsPrefActivity
ADDED from RMaps.AppLib\AndroidManifest.xml:83:9-78
	android:name
		ADDED from RMaps.AppLib\AndroidManifest.xml:83:19-66
activity#com.robert.maps.applib.preference.PredefMapsPrefActivity
ADDED from RMaps.AppLib\AndroidManifest.xml:84:9-80
	android:name
		ADDED from RMaps.AppLib\AndroidManifest.xml:84:19-68
activity#com.robert.maps.applib.preference.CustomMapsPrefActivity
ADDED from RMaps.AppLib\AndroidManifest.xml:85:9-80
	android:name
		ADDED from RMaps.AppLib\AndroidManifest.xml:85:19-68
activity#com.robert.maps.applib.preference.PairMapsPrefActivity
ADDED from RMaps.AppLib\AndroidManifest.xml:86:9-78
	android:name
		ADDED from RMaps.AppLib\AndroidManifest.xml:86:19-66
activity#com.robert.maps.applib.downloader.FileDownloadListActivity
ADDED from RMaps.AppLib\AndroidManifest.xml:87:9-82
	android:name
		ADDED from RMaps.AppLib\AndroidManifest.xml:87:19-70
activity#com.robert.maps.applib.geoui.GeoDataActivity
ADDED from RMaps.AppLib\AndroidManifest.xml:88:9-68
	android:name
		ADDED from RMaps.AppLib\AndroidManifest.xml:88:19-56
uses-permission#android.permission.WAKE_LOCK
ADDED from RMaps.AppLib\AndroidManifest.xml:91:5-68
	android:name
		ADDED from RMaps.AppLib\AndroidManifest.xml:91:22-65
uses-sdk
ADDED from RMaps.AppLib\AndroidManifest.xml:93:5-47
INJECTED from RMaps.AppLib\AndroidManifest.xml:93:5-47
INJECTED from RMaps.AppLib\AndroidManifest.xml:93:5-47
	android:targetSdkVersion
		ADDED from RMaps.AppLib\AndroidManifest.xml:93:15-44
	android:minSdkVersion
		INJECTED from RMaps.AppLib\AndroidManifest.xml
		ADDED from RMaps.AppLib\AndroidManifest.xml:93:5-47
		INJECTED from RMaps.AppLib\AndroidManifest.xml
supports-screens
ADDED from RMaps.AppLib\AndroidManifest.xml:95:5-101:39
	android:largeScreens
		ADDED from RMaps.AppLib\AndroidManifest.xml:97:9-36
	android:smallScreens
		ADDED from RMaps.AppLib\AndroidManifest.xml:101:9-36
	android:normalScreens
		ADDED from RMaps.AppLib\AndroidManifest.xml:98:9-37
	android:xlargeScreens
		ADDED from RMaps.AppLib\AndroidManifest.xml:99:9-37
	android:resizeable
		ADDED from RMaps.AppLib\AndroidManifest.xml:100:9-34
	android:anyDensity
		ADDED from RMaps.AppLib\AndroidManifest.xml:96:9-34